<?xml version="1.0" encoding="UTF-8"?>
<testng-results skipped="0" failed="0" ignored="0" total="3" passed="3">
  <reporter-output>
  </reporter-output>
  <suite name="Data Driven Framework" duration-ms="1266" started-at="2021-01-08T05:18:24Z" finished-at="2021-01-08T05:18:25Z">
    <groups>
    </groups>
    <test name="Login Test" duration-ms="471" started-at="2021-01-08T05:18:24Z" finished-at="2021-01-08T05:18:24Z">
      <class name="testcases.LoginTest">
        <test-method status="PASS" signature="doLogin(java.lang.String, java.lang.String)[pri:0, instance:testcases.LoginTest@74d1dc36]" name="doLogin" duration-ms="437" started-at="2021-01-08T05:18:24Z" data-provider="dp" finished-at="2021-01-08T05:18:24Z">
          <params>
            <param index="0">
              <value>
                <![CDATA[trainer@way2automatiom.com]]>
              </value>
            </param>
            <param index="1">
              <value>
                <![CDATA[sjefk]]>
              </value>
            </param>
          </params>
          <reporter-output>
          </reporter-output>
        </test-method> <!-- doLogin -->
      </class> <!-- testcases.LoginTest -->
    </test> <!-- Login Test -->
    <test name="Register Test" duration-ms="7" started-at="2021-01-08T05:18:25Z" finished-at="2021-01-08T05:18:25Z">
      <class name="testcases.RegTest">
        <test-method status="PASS" signature="setUp()[pri:0, instance:testcases.RegTest@3f191845]" name="setUp" is-config="true" duration-ms="8421" started-at="2021-01-08T05:18:16Z" finished-at="2021-01-08T05:18:24Z">
          <reporter-output>
          </reporter-output>
        </test-method> <!-- setUp -->
        <test-method status="PASS" signature="doRegUser(java.lang.String, java.lang.String)[pri:0, instance:testcases.RegTest@3f191845]" name="doRegUser" duration-ms="1" started-at="2021-01-08T05:18:25Z" data-provider="dp" finished-at="2021-01-08T05:18:25Z">
          <params>
            <param index="0">
              <value>
                <![CDATA[sujatha]]>
              </value>
            </param>
            <param index="1">
              <value>
                <![CDATA[Aavula]]>
              </value>
            </param>
          </params>
          <reporter-output>
          </reporter-output>
        </test-method> <!-- doRegUser -->
        <test-method status="PASS" signature="doRegUser(java.lang.String, java.lang.String)[pri:0, instance:testcases.RegTest@3f191845]" name="doRegUser" duration-ms="1" started-at="2021-01-08T05:18:25Z" data-provider="dp" finished-at="2021-01-08T05:18:25Z">
          <params>
            <param index="0">
              <value>
                <![CDATA[nagaraj]]>
              </value>
            </param>
            <param index="1">
              <value>
                <![CDATA[Avula]]>
              </value>
            </param>
          </params>
          <reporter-output>
          </reporter-output>
        </test-method> <!-- doRegUser -->
        <test-method status="PASS" signature="tearDown()[pri:0, instance:testcases.RegTest@3f191845]" name="tearDown" is-config="true" duration-ms="986" started-at="2021-01-08T05:18:25Z" finished-at="2021-01-08T05:18:26Z">
          <reporter-output>
          </reporter-output>
        </test-method> <!-- tearDown -->
      </class> <!-- testcases.RegTest -->
    </test> <!-- Register Test -->
  </suite> <!-- Data Driven Framework -->
</testng-results>
